<?xml version="1.0" encoding="UTF-8"?>
<!-- Generated by org.testng.reporters.JUnitXMLReporter -->
<testsuite ignored="0" hostname="cdc2-l-42864v1" failures="0" tests="8" name="Default test" time="57.954" errors="0" timestamp="2025-07-16T10:33:17 IST">
  <testcase classname="us_001.TS04" name="leavetype" time="9.633"/>
  <testcase classname="us_001.TS04" name="LeavetypeTC019" time="11.32"/>
  <testcase classname="us_001.TS04" name="backupcontactTC024" time="5.722"/>
  <testcase classname="us_001.TS04" name="NotifyToRecipientTC025" time="5.705"/>
  <testcase classname="us_001.TS04" name="BaseLocationTC026" time="5.659"/>
  <testcase classname="us_001.TS04" name="ProjectTC027" time="6.637"/>
  <testcase classname="us_001.TS04" name="TeamTC028" time="6.615"/>
  <testcase classname="us_001.TS04" name="LeaveStatusTC029" time="6.624"/>
</testsuite> <!-- Default test -->
