<?xml version="1.0" encoding="UTF-8"?>
<testng-results ignored="0" total="1" passed="1" failed="0" skipped="0">
  <reporter-output>
  </reporter-output>
  <suite started-at="2025-07-10T16:57:57 IST" name="Default suite" finished-at="2025-07-10T16:58:00 IST" duration-ms="2620">
    <groups>
    </groups>
    <test started-at="2025-07-10T16:57:57 IST" name="Default test" finished-at="2025-07-10T16:58:00 IST" duration-ms="2620">
      <class name="main.NewTest3">
        <test-method signature="f()[pri:0, instance:main.NewTest3@1252b961]" started-at="2025-07-10T16:57:57 IST" name="f" finished-at="2025-07-10T16:58:00 IST" duration-ms="2529" status="PASS">
          <reporter-output>
          </reporter-output>
        </test-method> <!-- f -->
      </class> <!-- main.NewTest3 -->
    </test> <!-- Default test -->
  </suite> <!-- Default suite -->
</testng-results>
