<?xml version="1.0" encoding="UTF-8"?>
<testng-results ignored="0" total="2" passed="2" failed="0" skipped="0">
  <reporter-output>
  </reporter-output>
  <suite started-at="2025-07-15T10:49:04 IST" name="Default suite" finished-at="2025-07-15T10:49:21 IST" duration-ms="16974">
    <groups>
    </groups>
    <test started-at="2025-07-15T10:49:04 IST" name="Default test" finished-at="2025-07-15T10:49:21 IST" duration-ms="16974">
      <class name="us_001.TS02">
        <test-method is-config="true" signature="beforeMethod()[pri:0, instance:us_001.TS02@379ab47b]" started-at="2025-07-15T10:49:03 IST" name="beforeMethod" finished-at="2025-07-15T10:49:04 IST" duration-ms="1399" status="PASS">
          <reporter-output>
          </reporter-output>
        </test-method> <!-- beforeMethod -->
        <test-method signature="f()[pri:0, instance:us_001.TS02@379ab47b]" started-at="2025-07-15T10:49:04 IST" name="f" finished-at="2025-07-15T10:49:21 IST" duration-ms="16763" status="PASS">
          <reporter-output>
          </reporter-output>
        </test-method> <!-- f -->
        <test-method signature="nonasterisks()[pri:0, instance:us_001.TS02@379ab47b]" started-at="2025-07-15T10:49:21 IST" name="nonasterisks" finished-at="2025-07-15T10:49:21 IST" duration-ms="141" status="PASS">
          <reporter-output>
          </reporter-output>
        </test-method> <!-- nonasterisks -->
        <test-method is-config="true" signature="afterMethod()[pri:0, instance:us_001.TS02@379ab47b]" started-at="2025-07-15T10:49:21 IST" name="afterMethod" finished-at="2025-07-15T10:49:23 IST" duration-ms="1847" status="PASS">
          <reporter-output>
          </reporter-output>
        </test-method> <!-- afterMethod -->
      </class> <!-- us_001.TS02 -->
    </test> <!-- Default test -->
  </suite> <!-- Default suite -->
</testng-results>
